# JRE version: OpenJDK Runtime Environment (8.0_152-b02) (build 1.8.0_152-release-1024-b02)
# Java VM: OpenJDK 64-Bit Server VM (25.152-b02 mixed mode windows-amd64 compressed oops)
Heap:
 PSYoungGen      total 196608K, used 161627K [0x00000000e0000000, 0x00000000ef380000, 0x0000000100000000)
  eden space 178688K, 80% used [0x00000000e0000000,0x00000000e8c5aea0,0x00000000eae80000)
  from space 17920K, 99% used [0x00000000eae80000,0x00000000ebffc058,0x00000000ec000000)
  to   space 23552K, 0% used [0x00000000edc80000,0x00000000edc80000,0x00000000ef380000)
 ParOldGen       total 130048K, used 57873K [0x00000000a0000000, 0x00000000a7f00000, 0x00000000e0000000)
  object space 130048K, 44% used [0x00000000a0000000,0x00000000a3884608,0x00000000a7f00000)
 Metaspace       used 81212K, capacity 86250K, committed 86360K, reserved 1124352K
  class space    used 10789K, capacity 11808K, committed 11904K, reserved 1048576K
GC Heap History (10 events):
Event: 34.534 GC heap before
{Heap before GC invocations=14 (full 2):
 PSYoungGen      total 122880K, used 102203K [0x00000000e0000000, 0x00000000eb380000, 0x0000000100000000)
  eden space 110592K, 81% used [0x00000000e0000000,0x00000000e57d3d88,0x00000000e6c00000)
  from space 12288K, 99% used [0x00000000e6c00000,0x00000000e77fb040,0x00000000e7800000)
  to   space 14848K, 0% used [0x00000000ea500000,0x00000000ea500000,0x00000000eb380000)
 ParOldGen       total 83456K, used 20663K [0x00000000a0000000, 0x00000000a5180000, 0x00000000e0000000)
  object space 83456K, 24% used [0x00000000a0000000,0x00000000a142dd00,0x00000000a5180000)
 Metaspace       used 56979K, capacity 58874K, committed 58968K, reserved 1099776K
  class space    used 7753K, capacity 8227K, committed 8320K, reserved 1048576K
Event: 34.552 GC heap after
Heap after GC invocations=14 (full 2):
 PSYoungGen      total 168960K, used 9898K [0x00000000e0000000, 0x00000000eb780000, 0x0000000100000000)
  eden space 154112K, 0% used [0x00000000e0000000,0x00000000e0000000,0x00000000e9680000)
  from space 14848K, 66% used [0x00000000ea500000,0x00000000eaeaaa18,0x00000000eb380000)
  to   space 14848K, 0% used [0x00000000e9680000,0x00000000e9680000,0x00000000ea500000)
 ParOldGen       total 83456K, used 27605K [0x00000000a0000000, 0x00000000a5180000, 0x00000000e0000000)
  object space 83456K, 33% used [0x00000000a0000000,0x00000000a1af5628,0x00000000a5180000)
 Metaspace       used 56979K, capacity 58874K, committed 58968K, reserved 1099776K
  class space    used 7753K, capacity 8227K, committed 8320K, reserved 1048576K
}
Event: 34.552 GC heap before
{Heap before GC invocations=15 (full 3):
 PSYoungGen      total 168960K, used 9898K [0x00000000e0000000, 0x00000000eb780000, 0x0000000100000000)
  eden space 154112K, 0% used [0x00000000e0000000,0x00000000e0000000,0x00000000e9680000)
  from space 14848K, 66% used [0x00000000ea500000,0x00000000eaeaaa18,0x00000000eb380000)
  to   space 14848K, 0% used [0x00000000e9680000,0x00000000e9680000,0x00000000ea500000)
 ParOldGen       total 83456K, used 27605K [0x00000000a0000000, 0x00000000a5180000, 0x00000000e0000000)
  object space 83456K, 33% used [0x00000000a0000000,0x00000000a1af5628,0x00000000a5180000)
 Metaspace       used 56979K, capacity 58874K, committed 58968K, reserved 1099776K
  class space    used 7753K, capacity 8227K, committed 8320K, reserved 1048576K
Event: 34.792 GC heap after
Heap after GC invocations=15 (full 3):
 PSYoungGen      total 168960K, used 0K [0x00000000e0000000, 0x00000000eb780000, 0x0000000100000000)
  eden space 154112K, 0% used [0x00000000e0000000,0x00000000e0000000,0x00000000e9680000)
  from space 14848K, 0% used [0x00000000ea500000,0x00000000ea500000,0x00000000eb380000)
  to   space 14848K, 0% used [0x00000000e9680000,0x00000000e9680000,0x00000000ea500000)
 ParOldGen       total 130048K, used 35204K [0x00000000a0000000, 0x00000000a7f00000, 0x00000000e0000000)
  object space 130048K, 27% used [0x00000000a0000000,0x00000000a2261090,0x00000000a7f00000)
 Metaspace       used 56956K, capacity 58786K, committed 58968K, reserved 1099776K
  class space    used 7746K, capacity 8219K, committed 8320K, reserved 1048576K
}
Event: 36.288 GC heap before
{Heap before GC invocations=16 (full 3):
 PSYoungGen      total 168960K, used 154112K [0x00000000e0000000, 0x00000000eb780000, 0x0000000100000000)
  eden space 154112K, 100% used [0x00000000e0000000,0x00000000e9680000,0x00000000e9680000)
  from space 14848K, 0% used [0x00000000ea500000,0x00000000ea500000,0x00000000eb380000)
  to   space 14848K, 0% used [0x00000000e9680000,0x00000000e9680000,0x00000000ea500000)
 ParOldGen       total 130048K, used 35204K [0x00000000a0000000, 0x00000000a7f00000, 0x00000000e0000000)
  object space 130048K, 27% used [0x00000000a0000000,0x00000000a2261090,0x00000000a7f00000)
 Metaspace       used 61021K, capacity 63328K, committed 63576K, reserved 1103872K
  class space    used 8185K, capacity 8773K, committed 8832K, reserved 1048576K
Event: 36.308 GC heap after
Heap after GC invocations=16 (full 3):
 PSYoungGen      total 168960K, used 14837K [0x00000000e0000000, 0x00000000ed380000, 0x0000000100000000)
  eden space 154112K, 0% used [0x00000000e0000000,0x00000000e0000000,0x00000000e9680000)
  from space 14848K, 99% used [0x00000000e9680000,0x00000000ea4fd768,0x00000000ea500000)
  to   space 16896K, 0% used [0x00000000ec300000,0x00000000ec300000,0x00000000ed380000)
 ParOldGen       total 130048K, used 36160K [0x00000000a0000000, 0x00000000a7f00000, 0x00000000e0000000)
  object space 130048K, 27% used [0x00000000a0000000,0x00000000a23503a0,0x00000000a7f00000)
 Metaspace       used 61021K, capacity 63328K, committed 63576K, reserved 1103872K
  class space    used 8185K, capacity 8773K, committed 8832K, reserved 1048576K
}
Event: 43.312 GC heap before
{Heap before GC invocations=17 (full 3):
 PSYoungGen      total 168960K, used 168949K [0x00000000e0000000, 0x00000000ed380000, 0x0000000100000000)
  eden space 154112K, 100% used [0x00000000e0000000,0x00000000e9680000,0x00000000e9680000)
  from space 14848K, 99% used [0x00000000e9680000,0x00000000ea4fd768,0x00000000ea500000)
  to   space 16896K, 0% used [0x00000000ec300000,0x00000000ec300000,0x00000000ed380000)
 ParOldGen       total 130048K, used 36160K [0x00000000a0000000, 0x00000000a7f00000, 0x00000000e0000000)
  object space 130048K, 27% used [0x00000000a0000000,0x00000000a23503a0,0x00000000a7f00000)
 Metaspace       used 66482K, capacity 69042K, committed 69336K, reserved 1110016K
  class space    used 8774K, capacity 9382K, committed 9472K, reserved 1048576K
Event: 43.332 GC heap after
Heap after GC invocations=17 (full 3):
 PSYoungGen      total 193536K, used 14061K [0x00000000e0000000, 0x00000000ed180000, 0x0000000100000000)
  eden space 178688K, 0% used [0x00000000e0000000,0x00000000e0000000,0x00000000eae80000)
  from space 14848K, 94% used [0x00000000ec300000,0x00000000ed0bb758,0x00000000ed180000)
  to   space 17920K, 0% used [0x00000000eae80000,0x00000000eae80000,0x00000000ec000000)
 ParOldGen       total 130048K, used 49705K [0x00000000a0000000, 0x00000000a7f00000, 0x00000000e0000000)
  object space 130048K, 38% used [0x00000000a0000000,0x00000000a308a788,0x00000000a7f00000)
 Metaspace       used 66482K, capacity 69042K, committed 69336K, reserved 1110016K
  class space    used 8774K, capacity 9382K, committed 9472K, reserved 1048576K
}
Event: 78.481 GC heap before
{Heap before GC invocations=18 (full 3):
 PSYoungGen      total 193536K, used 192749K [0x00000000e0000000, 0x00000000ed180000, 0x0000000100000000)
  eden space 178688K, 100% used [0x00000000e0000000,0x00000000eae80000,0x00000000eae80000)
  from space 14848K, 94% used [0x00000000ec300000,0x00000000ed0bb758,0x00000000ed180000)
  to   space 17920K, 0% used [0x00000000eae80000,0x00000000eae80000,0x00000000ec000000)
 ParOldGen       total 130048K, used 49705K [0x00000000a0000000, 0x00000000a7f00000, 0x00000000e0000000)
  object space 130048K, 38% used [0x00000000a0000000,0x00000000a308a788,0x00000000a7f00000)
 Metaspace       used 72484K, capacity 75318K, committed 75480K, reserved 1114112K
  class space    used 9442K, capacity 10136K, committed 10240K, reserved 1048576K
Event: 78.499 GC heap after
Heap after GC invocations=18 (full 3):
 PSYoungGen      total 196608K, used 17904K [0x00000000e0000000, 0x00000000ef380000, 0x0000000100000000)
  eden space 178688K, 0% used [0x00000000e0000000,0x00000000e0000000,0x00000000eae80000)
  from space 17920K, 99% used [0x00000000eae80000,0x00000000ebffc058,0x00000000ec000000)
  to   space 23552K, 0% used [0x00000000edc80000,0x00000000edc80000,0x00000000ef380000)
 ParOldGen       total 130048K, used 57873K [0x00000000a0000000, 0x00000000a7f00000, 0x00000000e0000000)
  object space 130048K, 44% used [0x00000000a0000000,0x00000000a3884608,0x00000000a7f00000)
 Metaspace       used 72484K, capacity 75318K, committed 75480K, reserved 1114112K
  class space    used 9442K, capacity 10136K, committed 10240K, reserved 1048576K
}

